                                                                                                                                                                                                                                              QUERY PLAN                                                                                                                                                                                                                                               
-------------------------------------------------------------------------------------------------------------------------------------------------------------------------------------------------------------------------------------------------------------------------------------------------------------------------------------------------------------------------------------------------------------------------------------------------------------------------------------------------------
 XN Aggregate  (cost=9761.83..9761.83 rows=1 width=9)
   ->  XN Seq Scan on customer  (cost=0.00..9750.00 rows=4729 width=9)
         Filter: ((('28'::text = "substring"((c_phone)::text, 1, 2)) OR ('29'::text = "substring"((c_phone)::text, 1, 2)) OR ('31'::text = "substring"((c_phone)::text, 1, 2)) OR ('35'::text = "substring"((c_phone)::text, 1, 2)) OR ('33'::text = "substring"((c_phone)::text, 1, 2)) OR ('24'::text = "substring"((c_phone)::text, 1, 2)) OR ('20'::text = "substring"((c_phone)::text, 1, 2))) AND (c_acctbal > 0::numeric))
 
 XN Limit  (cost=1001179599438.96..1001179599438.96 rows=1 width=28)
   InitPlan
     ->  XN Seq Scan on volt_tt_553445a65f9df  (cost=0.00..0.01 rows=1 width=10)
   ->  XN Merge  (cost=1001179599438.95..1001179599443.26 rows=1724 width=28)
         Merge Key: "substring"((customer.c_phone)::text, 1, 2)
         ->  XN Network  (cost=1001179599438.95..1001179599443.26 rows=1724 width=28)
               Send to leader
               ->  XN Sort  (cost=1001179599438.95..1001179599443.26 rows=1724 width=28)
                     Sort Key: "substring"((customer.c_phone)::text, 1, 2)
                     ->  XN HashAggregate  (cost=1179599329.03..1179599346.27 rows=1724 width=28)
                           ->  XN Hash Left Join DS_BCAST_INNER  (cost=1172389160.92..1179599316.10 rows=1724 width=28)
                                 Hash Cond: ("outer".oid = "inner".oid)
                                 Filter: ("inner".oid IS NULL)
                                 ->  XN Seq Scan on customer  (cost=0.00..10125.00 rows=1724 width=32)
                                       Filter: ((("substring"((c_phone)::text, 1, 2) = '20'::text) OR ("substring"((c_phone)::text, 1, 2) = '24'::text) OR ("substring"((c_phone)::text, 1, 2) = '28'::text) OR ("substring"((c_phone)::text, 1, 2) = '29'::text) OR ("substring"((c_phone)::text, 1, 2) = '31'::text) OR ("substring"((c_phone)::text, 1, 2) = '33'::text) OR ("substring"((c_phone)::text, 1, 2) = '35'::text)) AND (($0)::numeric(38,0) < c_acctbal))
                                 ->  XN Hash  (cost=1172389160.77..1172389160.77 rows=60 width=4)
                                       ->  XN Subquery Scan volt_dt_1  (cost=827589043.05..1172389160.77 rows=60 width=4)
                                             ->  XN Unique  (cost=827589043.05..1172389160.17 rows=60 width=4)
                                                   InitPlan
                                                     ->  XN Seq Scan on volt_tt_553445a65f9df  (cost=0.00..0.01 rows=1 width=10)
                                                   ->  XN Hash Join DS_BCAST_INNER  (cost=827589043.04..1172389160.01 rows=60 width=4)
                                                         Hash Cond: ("outer".c_custkey = "inner".c_custkey)
                                                         ->  XN Subquery Scan volt_dt_2  (cost=827578913.73..827578965.45 rows=5172 width=8)
                                                               ->  XN HashAggregate  (cost=827578913.73..827578913.73 rows=5172 width=8)
                                                                     ->  XN Hash Join DS_BCAST_INNER  (cost=9387.93..827578655.13 rows=51720 width=8)
                                                                           Hash Cond: ("outer".o_custkey = "inner".c_custkey)
                                                                           ->  XN Seq Scan on orders  (cost=0.00..15000.00 rows=1500000 width=8)
                                                                           ->  XN Hash  (cost=9375.00..9375.00 rows=5172 width=8)
                                                                                 ->  XN Seq Scan on customer  (cost=0.00..9375.00 rows=5172 width=8)
                                                                                       Filter: (("substring"((c_phone)::text, 1, 2) = '20'::text) OR ("substring"((c_phone)::text, 1, 2) = '24'::text) OR ("substring"((c_phone)::text, 1, 2) = '28'::text) OR ("substring"((c_phone)::text, 1, 2) = '29'::text) OR ("substring"((c_phone)::text, 1, 2) = '31'::text) OR ("substring"((c_phone)::text, 1, 2) = '33'::text) OR ("substring"((c_phone)::text, 1, 2) = '35'::text))
                                                         ->  XN Hash  (cost=10125.00..10125.00 rows=1724 width=12)
                                                               ->  XN Seq Scan on customer  (cost=0.00..10125.00 rows=1724 width=12)
                                                                     Filter: ((("substring"((c_phone)::text, 1, 2) = '20'::text) OR ("substring"((c_phone)::text, 1, 2) = '24'::text) OR ("substring"((c_phone)::text, 1, 2) = '28'::text) OR ("substring"((c_phone)::text, 1, 2) = '29'::text) OR ("substring"((c_phone)::text, 1, 2) = '31'::text) OR ("substring"((c_phone)::text, 1, 2) = '33'::text) OR ("substring"((c_phone)::text, 1, 2) = '35'::text)) AND (c_acctbal > ($1)::numeric(38,0)))
(37 rows)

 cntrycode | numcust | totacctbal 
-----------+---------+------------
 20        |     914 |    6814208
(1 row)

