                                                                                                                     QUERY PLAN                                                                                                                      
-----------------------------------------------------------------------------------------------------------------------------------------------------------------------------------------------------------------------------------------------------
 XN Limit  (cost=165033.42..165033.42 rows=1 width=19)
   ->  XN Aggregate  (cost=165033.42..165033.42 rows=1 width=19)
         ->  XN Seq Scan on lineitem  (cost=0.00..165033.41 rows=1 width=19)
               Filter: ((l_shipdate < '1993-01-01 00:00:00'::timestamp without time zone) AND (l_shipdate >= '1993-01-01'::date) AND ((l_discount)::numeric(20,2) >= 0.08) AND ((l_discount)::numeric(20,2) <= 0.10) AND (l_quantity < 25::numeric))
(4 rows)

 revenue 
---------
        
(1 row)

