                                                                                                                               QUERY PLAN                                                                                                                                
-------------------------------------------------------------------------------------------------------------------------------------------------------------------------------------------------------------------------------------------------------------------------
 XN Limit  (cost=1113213204455.59..1113213204455.59 rows=1 width=81)
   ->  XN Merge  (cost=1113213204455.59..1113213204644.94 rows=75742 width=81)
         Merge Key: n1.n_name, n2.n_name, "date_part"('year'::text, lineitem.l_shipdate)
         ->  XN Network  (cost=1113213204455.59..1113213204644.94 rows=75742 width=81)
               Send to leader
               ->  XN Sort  (cost=1113213204455.59..1113213204644.94 rows=75742 width=81)
                     Sort Key: n1.n_name, n2.n_name, "date_part"('year'::text, lineitem.l_shipdate)
                     ->  XN HashAggregate  (cost=113213197559.73..113213198317.15 rows=75742 width=81)
                           ->  XN Hash Join DS_BCAST_INNER  (cost=10093718943.76..113213196802.31 rows=75742 width=81)
                                 Hash Cond: (("outer".l_suppkey = "inner".s_suppkey) AND ("outer".n_nationkey = "inner".s_nationkey))
                                 ->  XN Hash Join DS_BCAST_INNER  (cost=10093718793.76..110813192800.65 rows=144185 width=97)
                                       Hash Cond: ("outer".l_orderkey = "inner".o_orderkey)
                                       ->  XN Seq Scan on lineitem  (cost=0.00..90018.22 rows=1803745 width=39)
                                             Filter: ((l_shipdate >= '1995-01-01'::date) AND (l_shipdate <= '1996-12-31'::date))
                                       ->  XN Hash  (cost=10093718494.00..10093718494.00 rows=119904 width=74)
                                             ->  XN Hash Join DS_BCAST_INNER  (cost=13683544.01..10093718494.00 rows=119904 width=74)
                                                   Hash Cond: ("outer".o_custkey = "inner".c_custkey)
                                                   ->  XN Seq Scan on orders  (cost=0.00..15000.00 rows=1500000 width=16)
                                                   ->  XN Hash  (cost=13683514.01..13683514.01 rows=12000 width=74)
                                                         ->  XN Hash Join DS_BCAST_INNER  (cost=12000019.01..13683514.01 rows=12000 width=74)
                                                               Hash Cond: ("outer".c_nationkey = "inner".n_nationkey)
                                                               ->  XN Seq Scan on customer  (cost=0.00..1500.00 rows=150000 width=16)
                                                               ->  XN Hash  (cost=12000019.00..12000019.00 rows=2 width=74)
                                                                     ->  XN Nested Loop DS_BCAST_INNER  (cost=0.00..12000019.00 rows=2 width=74)
                                                                           Join Filter: ((("outer".n_name = 'MOROCCO'::bpchar) AND ("inner".n_name = 'UNITED STATES'::bpchar)) OR (("outer".n_name = 'UNITED STATES'::bpchar) AND ("inner".n_name = 'MOROCCO'::bpchar)))
                                                                           ->  XN Seq Scan on nation n1  (cost=0.00..0.25 rows=25 width=37)
                                                                           ->  XN Seq Scan on nation n2  (cost=0.00..0.25 rows=25 width=37)
                                 ->  XN Hash  (cost=100.00..100.00 rows=10000 width=16)
                                       ->  XN Seq Scan on supplier  (cost=0.00..100.00 rows=10000 width=16)
 ----- Nested Loop Join in the query plan - review the join predicates to avoid Cartesian products -----
(30 rows)

        supp_nation        |        cust_nation        | l_year | revenue  
---------------------------+---------------------------+--------+----------
 MOROCCO                   | UNITED STATES             |   1995 | 50542854
(1 row)

